Analysis & Synthesis report for priori
Thu Sep 28 19:02:51 2023
Quartus II 64-Bit Version 13.1.0 Build 162 10/23/2013 SJ Web Edition


---------------------
; Table of Contents ;
---------------------
  1. Legal Notice
  2. Analysis & Synthesis Summary
  3. Analysis & Synthesis Settings
  4. Parallel Compilation
  5. Analysis & Synthesis Source Files Read
  6. Analysis & Synthesis Resource Usage Summary
  7. Analysis & Synthesis Resource Utilization by Entity
  8. User-Specified and Inferred Latches
  9. General Register Statistics
 10. Multiplexer Restructuring Statistics (Restructuring Performed)
 11. Elapsed Time Per Partition
 12. Analysis & Synthesis Messages



----------------
; Legal Notice ;
----------------
Copyright (C) 1991-2013 Altera Corporation
Your use of Altera Corporation's design tools, logic functions 
and other software and tools, and its AMPP partner logic 
functions, and any output files from any of the foregoing 
(including device programming or simulation files), and any 
associated documentation or information are expressly subject 
to the terms and conditions of the Altera Program License 
Subscription Agreement, Altera MegaCore Function License 
Agreement, or other applicable license agreement, including, 
without limitation, that your use is for the sole purpose of 
programming logic devices manufactured by Altera and sold by 
Altera or its authorized distributors.  Please refer to the 
applicable agreement for further details.



+---------------------------------------------------------------------------------+
; Analysis & Synthesis Summary                                                    ;
+------------------------------------+--------------------------------------------+
; Analysis & Synthesis Status        ; Successful - Thu Sep 28 19:02:51 2023      ;
; Quartus II 64-Bit Version          ; 13.1.0 Build 162 10/23/2013 SJ Web Edition ;
; Revision Name                      ; priori                                     ;
; Top-level Entity Name              ; priori                                     ;
; Family                             ; Cyclone III                                ;
; Total logic elements               ; 184                                        ;
;     Total combinational functions  ; 184                                        ;
;     Dedicated logic registers      ; 51                                         ;
; Total registers                    ; 51                                         ;
; Total pins                         ; 26                                         ;
; Total virtual pins                 ; 0                                          ;
; Total memory bits                  ; 0                                          ;
; Embedded Multiplier 9-bit elements ; 0                                          ;
; Total PLLs                         ; 0                                          ;
+------------------------------------+--------------------------------------------+


+----------------------------------------------------------------------------------------------------------------------+
; Analysis & Synthesis Settings                                                                                        ;
+----------------------------------------------------------------------------+--------------------+--------------------+
; Option                                                                     ; Setting            ; Default Value      ;
+----------------------------------------------------------------------------+--------------------+--------------------+
; Device                                                                     ; EP3C16F484C6       ;                    ;
; Top-level entity name                                                      ; priori             ; priori             ;
; Family name                                                                ; Cyclone III        ; Cyclone IV GX      ;
; Use smart compilation                                                      ; Off                ; Off                ;
; Enable parallel Assembler and TimeQuest Timing Analyzer during compilation ; On                 ; On                 ;
; Enable compact report table                                                ; Off                ; Off                ;
; Restructure Multiplexers                                                   ; Auto               ; Auto               ;
; Create Debugging Nodes for IP Cores                                        ; Off                ; Off                ;
; Preserve fewer node names                                                  ; On                 ; On                 ;
; Disable OpenCore Plus hardware evaluation                                  ; Off                ; Off                ;
; Verilog Version                                                            ; Verilog_2001       ; Verilog_2001       ;
; VHDL Version                                                               ; VHDL_1993          ; VHDL_1993          ;
; State Machine Processing                                                   ; Auto               ; Auto               ;
; Safe State Machine                                                         ; Off                ; Off                ;
; Extract Verilog State Machines                                             ; On                 ; On                 ;
; Extract VHDL State Machines                                                ; On                 ; On                 ;
; Ignore Verilog initial constructs                                          ; Off                ; Off                ;
; Iteration limit for constant Verilog loops                                 ; 5000               ; 5000               ;
; Iteration limit for non-constant Verilog loops                             ; 250                ; 250                ;
; Add Pass-Through Logic to Inferred RAMs                                    ; On                 ; On                 ;
; Infer RAMs from Raw Logic                                                  ; On                 ; On                 ;
; Parallel Synthesis                                                         ; On                 ; On                 ;
; DSP Block Balancing                                                        ; Auto               ; Auto               ;
; NOT Gate Push-Back                                                         ; On                 ; On                 ;
; Power-Up Don't Care                                                        ; On                 ; On                 ;
; Remove Redundant Logic Cells                                               ; Off                ; Off                ;
; Remove Duplicate Registers                                                 ; On                 ; On                 ;
; Ignore CARRY Buffers                                                       ; Off                ; Off                ;
; Ignore CASCADE Buffers                                                     ; Off                ; Off                ;
; Ignore GLOBAL Buffers                                                      ; Off                ; Off                ;
; Ignore ROW GLOBAL Buffers                                                  ; Off                ; Off                ;
; Ignore LCELL Buffers                                                       ; Off                ; Off                ;
; Ignore SOFT Buffers                                                        ; On                 ; On                 ;
; Limit AHDL Integers to 32 Bits                                             ; Off                ; Off                ;
; Optimization Technique                                                     ; Balanced           ; Balanced           ;
; Carry Chain Length                                                         ; 70                 ; 70                 ;
; Auto Carry Chains                                                          ; On                 ; On                 ;
; Auto Open-Drain Pins                                                       ; On                 ; On                 ;
; Perform WYSIWYG Primitive Resynthesis                                      ; Off                ; Off                ;
; Auto ROM Replacement                                                       ; On                 ; On                 ;
; Auto RAM Replacement                                                       ; On                 ; On                 ;
; Auto DSP Block Replacement                                                 ; On                 ; On                 ;
; Auto Shift Register Replacement                                            ; Auto               ; Auto               ;
; Allow Shift Register Merging across Hierarchies                            ; Auto               ; Auto               ;
; Auto Clock Enable Replacement                                              ; On                 ; On                 ;
; Strict RAM Replacement                                                     ; Off                ; Off                ;
; Allow Synchronous Control Signals                                          ; On                 ; On                 ;
; Force Use of Synchronous Clear Signals                                     ; Off                ; Off                ;
; Auto RAM Block Balancing                                                   ; On                 ; On                 ;
; Auto RAM to Logic Cell Conversion                                          ; Off                ; Off                ;
; Auto Resource Sharing                                                      ; Off                ; Off                ;
; Allow Any RAM Size For Recognition                                         ; Off                ; Off                ;
; Allow Any ROM Size For Recognition                                         ; Off                ; Off                ;
; Allow Any Shift Register Size For Recognition                              ; Off                ; Off                ;
; Use LogicLock Constraints during Resource Balancing                        ; On                 ; On                 ;
; Ignore translate_off and synthesis_off directives                          ; Off                ; Off                ;
; Timing-Driven Synthesis                                                    ; On                 ; On                 ;
; Report Parameter Settings                                                  ; On                 ; On                 ;
; Report Source Assignments                                                  ; On                 ; On                 ;
; Report Connectivity Checks                                                 ; On                 ; On                 ;
; Ignore Maximum Fan-Out Assignments                                         ; Off                ; Off                ;
; Synchronization Register Chain Length                                      ; 2                  ; 2                  ;
; PowerPlay Power Optimization                                               ; Normal compilation ; Normal compilation ;
; HDL message level                                                          ; Level2             ; Level2             ;
; Suppress Register Optimization Related Messages                            ; Off                ; Off                ;
; Number of Removed Registers Reported in Synthesis Report                   ; 5000               ; 5000               ;
; Number of Swept Nodes Reported in Synthesis Report                         ; 5000               ; 5000               ;
; Number of Inverted Registers Reported in Synthesis Report                  ; 100                ; 100                ;
; Clock MUX Protection                                                       ; On                 ; On                 ;
; Auto Gated Clock Conversion                                                ; Off                ; Off                ;
; Block Design Naming                                                        ; Auto               ; Auto               ;
; SDC constraint protection                                                  ; Off                ; Off                ;
; Synthesis Effort                                                           ; Auto               ; Auto               ;
; Shift Register Replacement - Allow Asynchronous Clear Signal               ; On                 ; On                 ;
; Pre-Mapping Resynthesis Optimization                                       ; Off                ; Off                ;
; Analysis & Synthesis Message Level                                         ; Medium             ; Medium             ;
; Disable Register Merging Across Hierarchies                                ; Auto               ; Auto               ;
; Resource Aware Inference For Block RAM                                     ; On                 ; On                 ;
; Synthesis Seed                                                             ; 1                  ; 1                  ;
+----------------------------------------------------------------------------+--------------------+--------------------+


+------------------------------------------+
; Parallel Compilation                     ;
+----------------------------+-------------+
; Processors                 ; Number      ;
+----------------------------+-------------+
; Number detected on machine ; 8           ;
; Maximum allowed            ; 4           ;
;                            ;             ;
; Average used               ; 1.00        ;
; Maximum used               ; 1           ;
;                            ;             ;
; Usage by Processor         ; % Time Used ;
;     Processor 1            ; 100.0%      ;
;     Processors 2-8         ;   0.0%      ;
+----------------------------+-------------+


+-------------------------------------------------------------------------------------------------------------------+
; Analysis & Synthesis Source Files Read                                                                            ;
+----------------------------------+-----------------+-----------------+----------------------------------+---------+
; File Name with User-Entered Path ; Used in Netlist ; File Type       ; File Name with Absolute Path     ; Library ;
+----------------------------------+-----------------+-----------------+----------------------------------+---------+
; ../De_Bi.vhd                     ; yes             ; User VHDL File  ; C:/altera/13.1/De_Bi.vhd         ;         ;
; ../contador10.vhd                ; yes             ; User VHDL File  ; C:/altera/13.1/contador10.vhd    ;         ;
; ../divi50/divi50.vhd             ; yes             ; User VHDL File  ; C:/altera/13.1/divi50/divi50.vhd ;         ;
; ../BCD.vhd                       ; yes             ; User VHDL File  ; C:/altera/13.1/BCD.vhd           ;         ;
; ../contador45.vhd                ; yes             ; User VHDL File  ; C:/altera/13.1/contador45.vhd    ;         ;
; ../priori.vhd                    ; yes             ; User VHDL File  ; C:/altera/13.1/priori/priori.vhd ;         ;
+----------------------------------+-----------------+-----------------+----------------------------------+---------+


+----------------------------------------------------------+
; Analysis & Synthesis Resource Usage Summary              ;
+---------------------------------------------+------------+
; Resource                                    ; Usage      ;
+---------------------------------------------+------------+
; Estimated Total logic elements              ; 184        ;
;                                             ;            ;
; Total combinational functions               ; 184        ;
; Logic element usage by number of LUT inputs ;            ;
;     -- 4 input functions                    ; 59         ;
;     -- 3 input functions                    ; 47         ;
;     -- <=2 input functions                  ; 78         ;
;                                             ;            ;
; Logic elements by mode                      ;            ;
;     -- normal mode                          ; 132        ;
;     -- arithmetic mode                      ; 52         ;
;                                             ;            ;
; Total registers                             ; 51         ;
;     -- Dedicated logic registers            ; 51         ;
;     -- I/O registers                        ; 0          ;
;                                             ;            ;
; I/O pins                                    ; 26         ;
; Embedded Multiplier 9-bit elements          ; 0          ;
; Maximum fan-out node                        ; pea1~input ;
; Maximum fan-out                             ; 30         ;
; Total fan-out                               ; 699        ;
; Average fan-out                             ; 2.44       ;
+---------------------------------------------+------------+


+-------------------------------------------------------------------------------------------------------------------------------------------------------------------------------+
; Analysis & Synthesis Resource Utilization by Entity                                                                                                                           ;
+----------------------------+-------------------+--------------+-------------+--------------+---------+-----------+------+--------------+-----------------------+--------------+
; Compilation Hierarchy Node ; LC Combinationals ; LC Registers ; Memory Bits ; DSP Elements ; DSP 9x9 ; DSP 18x18 ; Pins ; Virtual Pins ; Full Hierarchy Name   ; Library Name ;
+----------------------------+-------------------+--------------+-------------+--------------+---------+-----------+------+--------------+-----------------------+--------------+
; |priori                    ; 184 (73)          ; 51 (0)       ; 0           ; 0            ; 0       ; 0         ; 26   ; 0            ; |priori               ; work         ;
;    |BCD:L3|                ; 7 (7)             ; 0 (0)        ; 0           ; 0            ; 0       ; 0         ; 0    ; 0            ; |priori|BCD:L3        ; work         ;
;    |De_Bi:L2|              ; 11 (11)           ; 0 (0)        ; 0           ; 0            ; 0       ; 0         ; 0    ; 0            ; |priori|De_Bi:L2      ; work         ;
;    |contador10:L5|         ; 16 (16)           ; 8 (8)        ; 0           ; 0            ; 0       ; 0         ; 0    ; 0            ; |priori|contador10:L5 ; work         ;
;    |contador10:L6|         ; 16 (16)           ; 8 (8)        ; 0           ; 0            ; 0       ; 0         ; 0    ; 0            ; |priori|contador10:L6 ; work         ;
;    |contador45:L1|         ; 13 (13)           ; 8 (8)        ; 0           ; 0            ; 0       ; 0         ; 0    ; 0            ; |priori|contador45:L1 ; work         ;
;    |divi50:L0|             ; 48 (48)           ; 27 (27)      ; 0           ; 0            ; 0       ; 0         ; 0    ; 0            ; |priori|divi50:L0     ; work         ;
+----------------------------+-------------------+--------------+-------------+--------------+---------+-----------+------+--------------+-----------------------+--------------+
Note: For table entries with two numbers listed, the numbers in parentheses indicate the number of resources of the given type used by the specific entity alone. The numbers listed outside of parentheses indicate the total resources of the given type used by the specific entity and all of its sub-entities in the hierarchy.


+----------------------------------------------------------------------------------------------------+
; User-Specified and Inferred Latches                                                                ;
+-----------------------------------------------------+---------------------+------------------------+
; Latch Name                                          ; Latch Enable Signal ; Free of Timing Hazards ;
+-----------------------------------------------------+---------------------+------------------------+
; Sem1[0]$latch                                       ; Sem1[2]             ; yes                    ;
; Sem1[1]$latch                                       ; Sem1[2]             ; yes                    ;
; Sem1[2]$latch                                       ; Sem1[2]             ; yes                    ;
; Sem2$latch                                          ; Sem1[2]             ; yes                    ;
; Sem3[0]$latch                                       ; Sem1[2]             ; yes                    ;
; Sem3[1]$latch                                       ; Sem1[2]             ; yes                    ;
; Sem3[2]$latch                                       ; Sem1[2]             ; yes                    ;
; Sem4$latch                                          ; Sem1[2]             ; yes                    ;
; M2[6]                                               ; M2[7]               ; yes                    ;
; M2[5]                                               ; M2[7]               ; yes                    ;
; M2[4]                                               ; M2[7]               ; yes                    ;
; M2[7]                                               ; M2[7]               ; yes                    ;
; M2[0]                                               ; M2[7]               ; yes                    ;
; M2[1]                                               ; M2[7]               ; yes                    ;
; M2[2]                                               ; M2[7]               ; yes                    ;
; M2[3]                                               ; M2[7]               ; yes                    ;
; Number of user-specified and inferred latches = 16  ;                     ;                        ;
+-----------------------------------------------------+---------------------+------------------------+
Note: All latches listed above may not be present at the end of synthesis due to various synthesis optimizations.


+------------------------------------------------------+
; General Register Statistics                          ;
+----------------------------------------------+-------+
; Statistic                                    ; Value ;
+----------------------------------------------+-------+
; Total registers                              ; 51    ;
; Number of registers using Synchronous Clear  ; 0     ;
; Number of registers using Synchronous Load   ; 0     ;
; Number of registers using Asynchronous Clear ; 0     ;
; Number of registers using Asynchronous Load  ; 0     ;
; Number of registers using Clock Enable       ; 24    ;
; Number of registers using Preset             ; 0     ;
+----------------------------------------------+-------+


+------------------------------------------------------------------------------------------------------------------------------------------+
; Multiplexer Restructuring Statistics (Restructuring Performed)                                                                           ;
+--------------------+-----------+---------------+----------------------+------------------------+------------+----------------------------+
; Multiplexer Inputs ; Bus Width ; Baseline Area ; Area if Restructured ; Saving if Restructured ; Registered ; Example Multiplexer Output ;
+--------------------+-----------+---------------+----------------------+------------------------+------------+----------------------------+
; 3:1                ; 9 bits    ; 18 LEs        ; 18 LEs               ; 0 LEs                  ; No         ; |priori|M[6]               ;
; 5:1                ; 2 bits    ; 6 LEs         ; 6 LEs                ; 0 LEs                  ; No         ; |priori|Sem3[1]            ;
+--------------------+-----------+---------------+----------------------+------------------------+------------+----------------------------+


+-------------------------------+
; Elapsed Time Per Partition    ;
+----------------+--------------+
; Partition Name ; Elapsed Time ;
+----------------+--------------+
; Top            ; 00:00:00     ;
+----------------+--------------+


+-------------------------------+
; Analysis & Synthesis Messages ;
+-------------------------------+
Info: *******************************************************************
Info: Running Quartus II 64-Bit Analysis & Synthesis
    Info: Version 13.1.0 Build 162 10/23/2013 SJ Web Edition
    Info: Processing started: Thu Sep 28 19:02:49 2023
Info: Command: quartus_map --read_settings_files=on --write_settings_files=off priori -c priori
Info (11104): Parallel Compilation has detected 8 hyper-threaded processors. However, the extra hyper-threaded processors will not be used by default. Parallel Compilation will use 4 of the 4 physical processors detected instead.
Info (12021): Found 2 design units, including 1 entities, in source file /altera/13.1/de_bi.vhd
    Info (12022): Found design unit 1: De_Bi-Deco
    Info (12023): Found entity 1: De_Bi
Info (12021): Found 2 design units, including 1 entities, in source file /altera/13.1/contador10.vhd
    Info (12022): Found design unit 1: contador10-Contador4bits_UpDown_arch
    Info (12023): Found entity 1: contador10
Info (12021): Found 2 design units, including 1 entities, in source file /altera/13.1/divi50/divi50.vhd
    Info (12022): Found design unit 1: divi50-example
    Info (12023): Found entity 1: divi50
Info (12021): Found 2 design units, including 1 entities, in source file /altera/13.1/bcd.vhd
    Info (12022): Found design unit 1: BCD-Decodificador
    Info (12023): Found entity 1: BCD
Info (12021): Found 2 design units, including 1 entities, in source file /altera/13.1/contador45.vhd
    Info (12022): Found design unit 1: contador45-Contador4bits_UpDown_arch
    Info (12023): Found entity 1: contador45
Info (12021): Found 2 design units, including 1 entities, in source file priori.vhd
    Info (12022): Found design unit 1: priori-qpriori
    Info (12023): Found entity 1: priori
Info (12127): Elaborating entity "priori" for the top level hierarchy
Warning (10540): VHDL Signal Declaration warning at priori.vhd(57): used explicit default value for signal "Uni" because signal was never assigned a value
Warning (10540): VHDL Signal Declaration warning at priori.vhd(58): used explicit default value for signal "Dec" because signal was never assigned a value
Warning (10036): Verilog HDL or VHDL warning at priori.vhd(59): object "sDis_1" assigned a value but never read
Warning (10036): Verilog HDL or VHDL warning at priori.vhd(60): object "sDis_2" assigned a value but never read
Warning (10492): VHDL Process Statement warning at priori.vhd(73): signal "pea1" is read inside the Process Statement but isn't in the Process Statement's sensitivity list
Warning (10492): VHDL Process Statement warning at priori.vhd(82): signal "pea2" is read inside the Process Statement but isn't in the Process Statement's sensitivity list
Warning (10492): VHDL Process Statement warning at priori.vhd(93): signal "M2" is read inside the Process Statement but isn't in the Process Statement's sensitivity list
Warning (10631): VHDL Process Statement warning at priori.vhd(72): inferring latch(es) for signal or variable "Sem1", which holds its previous value in one or more paths through the process
Warning (10631): VHDL Process Statement warning at priori.vhd(72): inferring latch(es) for signal or variable "Sem2", which holds its previous value in one or more paths through the process
Warning (10631): VHDL Process Statement warning at priori.vhd(72): inferring latch(es) for signal or variable "Sem3", which holds its previous value in one or more paths through the process
Warning (10631): VHDL Process Statement warning at priori.vhd(72): inferring latch(es) for signal or variable "Sem4", which holds its previous value in one or more paths through the process
Warning (10631): VHDL Process Statement warning at priori.vhd(72): inferring latch(es) for signal or variable "M2", which holds its previous value in one or more paths through the process
Info (10041): Inferred latch for "M2[0]" at priori.vhd(72)
Info (10041): Inferred latch for "M2[1]" at priori.vhd(72)
Info (10041): Inferred latch for "M2[2]" at priori.vhd(72)
Info (10041): Inferred latch for "M2[3]" at priori.vhd(72)
Info (10041): Inferred latch for "M2[4]" at priori.vhd(72)
Info (10041): Inferred latch for "M2[5]" at priori.vhd(72)
Info (10041): Inferred latch for "M2[6]" at priori.vhd(72)
Info (10041): Inferred latch for "M2[7]" at priori.vhd(72)
Info (10041): Inferred latch for "Sem4" at priori.vhd(72)
Info (10041): Inferred latch for "Sem3[0]" at priori.vhd(72)
Info (10041): Inferred latch for "Sem3[1]" at priori.vhd(72)
Info (10041): Inferred latch for "Sem3[2]" at priori.vhd(72)
Info (10041): Inferred latch for "Sem2" at priori.vhd(72)
Info (10041): Inferred latch for "Sem1[0]" at priori.vhd(72)
Info (10041): Inferred latch for "Sem1[1]" at priori.vhd(72)
Info (10041): Inferred latch for "Sem1[2]" at priori.vhd(72)
Info (12128): Elaborating entity "divi50" for hierarchy "divi50:L0"
Info (12128): Elaborating entity "contador45" for hierarchy "contador45:L1"
Info (12128): Elaborating entity "De_Bi" for hierarchy "De_Bi:L2"
Info (12128): Elaborating entity "BCD" for hierarchy "BCD:L3"
Info (12128): Elaborating entity "contador10" for hierarchy "contador10:L5"
Warning (13012): Latch Sem1[0]$latch has unsafe behavior
    Warning (13013): Ports D and ENA on the latch are fed by the same signal pea1
Warning (13012): Latch Sem1[1]$latch has unsafe behavior
    Warning (13013): Ports D and ENA on the latch are fed by the same signal contador45:L1|Cont[5]
Warning (13012): Latch Sem1[2]$latch has unsafe behavior
    Warning (13013): Ports D and ENA on the latch are fed by the same signal contador45:L1|Cont[6]
Warning (13012): Latch Sem2$latch has unsafe behavior
    Warning (13013): Ports D and ENA on the latch are fed by the same signal pea1
Warning (13012): Latch Sem3[0]$latch has unsafe behavior
    Warning (13013): Ports D and ENA on the latch are fed by the same signal pea1
Warning (13012): Latch Sem3[1]$latch has unsafe behavior
    Warning (13013): Ports D and ENA on the latch are fed by the same signal contador45:L1|Cont[6]
Warning (13012): Latch Sem3[2]$latch has unsafe behavior
    Warning (13013): Ports D and ENA on the latch are fed by the same signal pea1
Warning (13012): Latch Sem4$latch has unsafe behavior
    Warning (13013): Ports D and ENA on the latch are fed by the same signal pea1
Warning (13012): Latch M2[6] has unsafe behavior
    Warning (13013): Ports D and ENA on the latch are fed by the same signal contador45:L1|Cont[7]
Warning (13012): Latch M2[5] has unsafe behavior
    Warning (13013): Ports D and ENA on the latch are fed by the same signal contador45:L1|Cont[7]
Warning (13012): Latch M2[4] has unsafe behavior
    Warning (13013): Ports D and ENA on the latch are fed by the same signal contador45:L1|Cont[7]
Warning (13012): Latch M2[7] has unsafe behavior
    Warning (13013): Ports D and ENA on the latch are fed by the same signal contador45:L1|Cont[7]
Warning (13012): Latch M2[1] has unsafe behavior
    Warning (13013): Ports D and ENA on the latch are fed by the same signal contador45:L1|Cont[1]
Warning (13012): Latch M2[2] has unsafe behavior
    Warning (13013): Ports D and ENA on the latch are fed by the same signal contador45:L1|Cont[2]
Warning (13012): Latch M2[3] has unsafe behavior
    Warning (13013): Ports D and ENA on the latch are fed by the same signal contador45:L1|Cont[3]
Warning (13024): Output pins are stuck at VCC or GND
    Warning (13410): Pin "Dis_2[0]" is stuck at VCC
    Warning (13410): Pin "Dis_2[4]" is stuck at GND
    Warning (13410): Pin "Dis_2[5]" is stuck at GND
Info (286030): Timing-Driven Synthesis is running
Warning (20013): Ignored assignments for entity "DE0_Default" -- entity does not exist in design
    Warning (20014): Assignment for entity set_global_assignment -name LL_ROOT_REGION ON -entity DE0_Default -section_id "Root Region" was ignored
    Warning (20014): Assignment for entity set_global_assignment -name LL_MEMBER_STATE LOCKED -entity DE0_Default -section_id "Root Region" was ignored
    Warning (20014): Assignment for entity set_global_assignment -name LL_ROUTING_REGION OFF -entity DE0_Default -section_id "Root Region" was ignored
    Warning (20014): Assignment for entity set_instance_assignment -name PARTITION_HIERARCHY root_partition -to | -entity DE0_Default -section_id Top was ignored
    Warning (20014): Assignment for entity set_global_assignment -name PARTITION_NETLIST_TYPE SOURCE -entity DE0_Default -section_id Top was ignored
    Warning (20014): Assignment for entity set_global_assignment -name PARTITION_PRESERVE_HIGH_SPEED_TILES ON -entity DE0_Default -section_id Top was ignored
    Warning (20014): Assignment for entity set_global_assignment -name PARTITION_IGNORE_SOURCE_FILE_CHANGES OFF -entity DE0_Default -section_id Top was ignored
    Warning (20014): Assignment for entity set_global_assignment -name PARTITION_ALWAYS_USE_QXP_NETLIST OFF -entity DE0_Default -section_id Top was ignored
    Warning (20014): Assignment for entity set_global_assignment -name PARTITION_COLOR 14622752 -entity DE0_Default -section_id Top was ignored
    Warning (20014): Assignment for entity set_global_assignment -name PARTITION_IMPORT_ASSIGNMENTS ON -entity DE0_Default -section_id Top was ignored
    Warning (20014): Assignment for entity set_global_assignment -name PARTITION_IMPORT_EXISTING_ASSIGNMENTS REPLACE_CONFLICTING -entity DE0_Default -section_id Top was ignored
    Warning (20014): Assignment for entity set_global_assignment -name PARTITION_IMPORT_EXISTING_LOGICLOCK_REGIONS UPDATE_CONFLICTING -entity DE0_Default -section_id Top was ignored
    Warning (20014): Assignment for entity set_global_assignment -name PARTITION_IMPORT_PIN_ASSIGNMENTS ON -entity DE0_Default -section_id Top was ignored
    Warning (20014): Assignment for entity set_global_assignment -name PARTITION_IMPORT_PROMOTE_ASSIGNMENTS ON -entity DE0_Default -section_id Top was ignored
    Warning (20014): Assignment for entity set_global_assignment -name PARTITION_TYPE STANDARD_PARTITION -entity DE0_Default -section_id Top was ignored
    Warning (20014): Assignment for entity set_global_assignment -name ALLOW_MULTIPLE_PERSONAS OFF -entity DE0_Default -section_id Top was ignored
    Warning (20014): Assignment for entity set_global_assignment -name PARTITION_ASD_REGION_ID 1 -entity DE0_Default -section_id Top was ignored
    Warning (20014): Assignment for entity set_global_assignment -name CROSS_BOUNDARY_OPTIMIZATIONS OFF -entity DE0_Default -section_id Top was ignored
    Warning (20014): Assignment for entity set_global_assignment -name PROPAGATE_CONSTANTS_ON_INPUTS ON -entity DE0_Default -section_id Top was ignored
    Warning (20014): Assignment for entity set_global_assignment -name PROPAGATE_INVERSIONS_ON_INPUTS ON -entity DE0_Default -section_id Top was ignored
    Warning (20014): Assignment for entity set_global_assignment -name REMOVE_LOGIC_ON_UNCONNECTED_OUTPUTS ON -entity DE0_Default -section_id Top was ignored
    Warning (20014): Assignment for entity set_global_assignment -name MERGE_EQUIVALENT_INPUTS ON -entity DE0_Default -section_id Top was ignored
    Warning (20014): Assignment for entity set_global_assignment -name MERGE_EQUIVALENT_BIDIRS ON -entity DE0_Default -section_id Top was ignored
    Warning (20014): Assignment for entity set_global_assignment -name ABSORB_PATHS_FROM_OUTPUTS_TO_INPUTS ON -entity DE0_Default -section_id Top was ignored
    Warning (20014): Assignment for entity set_global_assignment -name PARTITION_EXTRACT_HARD_BLOCK_NODES ON -entity DE0_Default -section_id Top was ignored
    Warning (20014): Assignment for entity set_global_assignment -name PARTITION_ENABLE_STRICT_PRESERVATION OFF -entity DE0_Default -section_id Top was ignored
Warning (20013): Ignored assignments for entity "Lab3a_s1" -- entity does not exist in design
    Warning (20014): Assignment for entity set_instance_assignment -name PARTITION_HIERARCHY root_partition -to | -entity Lab3a_s1 -section_id Top was ignored
    Warning (20014): Assignment for entity set_global_assignment -name PARTITION_NETLIST_TYPE SOURCE -entity Lab3a_s1 -section_id Top was ignored
    Warning (20014): Assignment for entity set_global_assignment -name PARTITION_FITTER_PRESERVATION_LEVEL PLACEMENT_AND_ROUTING -entity Lab3a_s1 -section_id Top was ignored
    Warning (20014): Assignment for entity set_global_assignment -name PARTITION_PRESERVE_HIGH_SPEED_TILES ON -entity Lab3a_s1 -section_id Top was ignored
    Warning (20014): Assignment for entity set_global_assignment -name PARTITION_IGNORE_SOURCE_FILE_CHANGES OFF -entity Lab3a_s1 -section_id Top was ignored
    Warning (20014): Assignment for entity set_global_assignment -name PARTITION_ALWAYS_USE_QXP_NETLIST OFF -entity Lab3a_s1 -section_id Top was ignored
    Warning (20014): Assignment for entity set_global_assignment -name PARTITION_COLOR 16764057 -entity Lab3a_s1 -section_id Top was ignored
    Warning (20014): Assignment for entity set_global_assignment -name PARTITION_IMPORT_ASSIGNMENTS ON -entity Lab3a_s1 -section_id Top was ignored
    Warning (20014): Assignment for entity set_global_assignment -name PARTITION_IMPORT_EXISTING_ASSIGNMENTS REPLACE_CONFLICTING -entity Lab3a_s1 -section_id Top was ignored
    Warning (20014): Assignment for entity set_global_assignment -name PARTITION_IMPORT_EXISTING_LOGICLOCK_REGIONS UPDATE_CONFLICTING -entity Lab3a_s1 -section_id Top was ignored
    Warning (20014): Assignment for entity set_global_assignment -name PARTITION_IMPORT_PIN_ASSIGNMENTS ON -entity Lab3a_s1 -section_id Top was ignored
    Warning (20014): Assignment for entity set_global_assignment -name PARTITION_IMPORT_PROMOTE_ASSIGNMENTS ON -entity Lab3a_s1 -section_id Top was ignored
    Warning (20014): Assignment for entity set_global_assignment -name PARTITION_TYPE STANDARD_PARTITION -entity Lab3a_s1 -section_id Top was ignored
    Warning (20014): Assignment for entity set_global_assignment -name ALLOW_MULTIPLE_PERSONAS OFF -entity Lab3a_s1 -section_id Top was ignored
    Warning (20014): Assignment for entity set_global_assignment -name PARTITION_ASD_REGION_ID 1 -entity Lab3a_s1 -section_id Top was ignored
    Warning (20014): Assignment for entity set_global_assignment -name CROSS_BOUNDARY_OPTIMIZATIONS OFF -entity Lab3a_s1 -section_id Top was ignored
    Warning (20014): Assignment for entity set_global_assignment -name PROPAGATE_CONSTANTS_ON_INPUTS ON -entity Lab3a_s1 -section_id Top was ignored
    Warning (20014): Assignment for entity set_global_assignment -name PROPAGATE_INVERSIONS_ON_INPUTS ON -entity Lab3a_s1 -section_id Top was ignored
    Warning (20014): Assignment for entity set_global_assignment -name REMOVE_LOGIC_ON_UNCONNECTED_OUTPUTS ON -entity Lab3a_s1 -section_id Top was ignored
    Warning (20014): Assignment for entity set_global_assignment -name MERGE_EQUIVALENT_INPUTS ON -entity Lab3a_s1 -section_id Top was ignored
    Warning (20014): Assignment for entity set_global_assignment -name MERGE_EQUIVALENT_BIDIRS ON -entity Lab3a_s1 -section_id Top was ignored
    Warning (20014): Assignment for entity set_global_assignment -name ABSORB_PATHS_FROM_OUTPUTS_TO_INPUTS ON -entity Lab3a_s1 -section_id Top was ignored
    Warning (20014): Assignment for entity set_global_assignment -name PARTITION_EXTRACT_HARD_BLOCK_NODES ON -entity Lab3a_s1 -section_id Top was ignored
    Warning (20014): Assignment for entity set_global_assignment -name PARTITION_ENABLE_STRICT_PRESERVATION OFF -entity Lab3a_s1 -section_id Top was ignored
Warning (20013): Ignored assignments for entity "Lab3b" -- entity does not exist in design
    Warning (20014): Assignment for entity set_instance_assignment -name PARTITION_HIERARCHY root_partition -to | -entity Lab3b -section_id Top was ignored
    Warning (20014): Assignment for entity set_global_assignment -name PARTITION_NETLIST_TYPE SOURCE -entity Lab3b -section_id Top was ignored
    Warning (20014): Assignment for entity set_global_assignment -name PARTITION_FITTER_PRESERVATION_LEVEL PLACEMENT_AND_ROUTING -entity Lab3b -section_id Top was ignored
    Warning (20014): Assignment for entity set_global_assignment -name PARTITION_PRESERVE_HIGH_SPEED_TILES ON -entity Lab3b -section_id Top was ignored
    Warning (20014): Assignment for entity set_global_assignment -name PARTITION_IGNORE_SOURCE_FILE_CHANGES OFF -entity Lab3b -section_id Top was ignored
    Warning (20014): Assignment for entity set_global_assignment -name PARTITION_ALWAYS_USE_QXP_NETLIST OFF -entity Lab3b -section_id Top was ignored
    Warning (20014): Assignment for entity set_global_assignment -name PARTITION_COLOR 16764057 -entity Lab3b -section_id Top was ignored
    Warning (20014): Assignment for entity set_global_assignment -name PARTITION_IMPORT_ASSIGNMENTS ON -entity Lab3b -section_id Top was ignored
    Warning (20014): Assignment for entity set_global_assignment -name PARTITION_IMPORT_EXISTING_ASSIGNMENTS REPLACE_CONFLICTING -entity Lab3b -section_id Top was ignored
    Warning (20014): Assignment for entity set_global_assignment -name PARTITION_IMPORT_EXISTING_LOGICLOCK_REGIONS UPDATE_CONFLICTING -entity Lab3b -section_id Top was ignored
    Warning (20014): Assignment for entity set_global_assignment -name PARTITION_IMPORT_PIN_ASSIGNMENTS ON -entity Lab3b -section_id Top was ignored
    Warning (20014): Assignment for entity set_global_assignment -name PARTITION_IMPORT_PROMOTE_ASSIGNMENTS ON -entity Lab3b -section_id Top was ignored
    Warning (20014): Assignment for entity set_global_assignment -name PARTITION_TYPE STANDARD_PARTITION -entity Lab3b -section_id Top was ignored
    Warning (20014): Assignment for entity set_global_assignment -name ALLOW_MULTIPLE_PERSONAS OFF -entity Lab3b -section_id Top was ignored
    Warning (20014): Assignment for entity set_global_assignment -name PARTITION_ASD_REGION_ID 1 -entity Lab3b -section_id Top was ignored
    Warning (20014): Assignment for entity set_global_assignment -name CROSS_BOUNDARY_OPTIMIZATIONS OFF -entity Lab3b -section_id Top was ignored
    Warning (20014): Assignment for entity set_global_assignment -name PROPAGATE_CONSTANTS_ON_INPUTS ON -entity Lab3b -section_id Top was ignored
    Warning (20014): Assignment for entity set_global_assignment -name PROPAGATE_INVERSIONS_ON_INPUTS ON -entity Lab3b -section_id Top was ignored
    Warning (20014): Assignment for entity set_global_assignment -name REMOVE_LOGIC_ON_UNCONNECTED_OUTPUTS ON -entity Lab3b -section_id Top was ignored
    Warning (20014): Assignment for entity set_global_assignment -name MERGE_EQUIVALENT_INPUTS ON -entity Lab3b -section_id Top was ignored
    Warning (20014): Assignment for entity set_global_assignment -name MERGE_EQUIVALENT_BIDIRS ON -entity Lab3b -section_id Top was ignored
    Warning (20014): Assignment for entity set_global_assignment -name ABSORB_PATHS_FROM_OUTPUTS_TO_INPUTS ON -entity Lab3b -section_id Top was ignored
    Warning (20014): Assignment for entity set_global_assignment -name PARTITION_EXTRACT_HARD_BLOCK_NODES ON -entity Lab3b -section_id Top was ignored
    Warning (20014): Assignment for entity set_global_assignment -name PARTITION_ENABLE_STRICT_PRESERVATION OFF -entity Lab3b -section_id Top was ignored
Info (16010): Generating hard_block partition "hard_block:auto_generated_inst"
    Info (16011): Adding 0 node(s), including 0 DDIO, 0 PLL, 0 transceiver and 0 LCELL
Info (21057): Implemented 224 device resources after synthesis - the final resource count might be different
    Info (21058): Implemented 4 input pins
    Info (21059): Implemented 22 output pins
    Info (21061): Implemented 198 logic cells
Info: Quartus II 64-Bit Analysis & Synthesis was successful. 0 errors, 123 warnings
    Info: Peak virtual memory: 4682 megabytes
    Info: Processing ended: Thu Sep 28 19:02:51 2023
    Info: Elapsed time: 00:00:02
    Info: Total CPU time (on all processors): 00:00:02


